<?xml version="1.0" encoding="UTF-8"?>
<testsuite name="JUnitTutorial" tests="1" skipped="0" failures="0" errors="0" timestamp="2022-08-06T10:16:19" hostname="DESKTOP-DGU9JC8" time="44.165">
  <properties/>
  <testcase name="handleIframe" classname="JUnitTutorial" time="44.165"/>
  <system-out><![CDATA[]]></system-out>
  <system-err><![CDATA[SLF4J: Failed to load class "org.slf4j.impl.StaticLoggerBinder".
SLF4J: Defaulting to no-operation (NOP) logger implementation
SLF4J: See http://www.slf4j.org/codes.html#StaticLoggerBinder for further details.
Starting ChromeDriver 103.0.5060.134 (8ec6fce403b3feb0869b0732eda8bd95011d333c-refs/branch-heads/5060@{#1262}) on port 52599
Only local connections are allowed.
Please see https://chromedriver.chromium.org/security-considerations for suggestions on keeping ChromeDriver safe.
ChromeDriver was started successfully.
[1659780984.354][WARNING]: This version of ChromeDriver has not been tested with Chrome version 104.
Aug 06, 2022 4:16:24 PM org.openqa.selenium.remote.ProtocolHandshake createSession
INFO: Detected upstream dialect: W3C
Aug 06, 2022 4:16:24 PM org.openqa.selenium.devtools.CdpVersionFinder findNearestMatch
WARNING: Unable to find an exact match for CDP version 104, so returning the closest version found: 103
Aug 06, 2022 4:16:24 PM org.openqa.selenium.devtools.CdpVersionFinder findNearestMatch
INFO: Found CDP implementation for version 104 of 103
]]></system-err>
</testsuite>
